<?xml version="1.0" encoding="UTF-8"?>
<testsuite name="pruebaPULLJENKINS.TestCalculadora" tests="1" skipped="0" failures="0" errors="0" timestamp="2020-12-17T08:41:44" hostname="HZ327423" time="0.001">
  <properties/>
  <testcase name="testSuma" classname="pruebaPULLJENKINS.TestCalculadora" time="0.001"/>
  <system-out><![CDATA[]]></system-out>
  <system-err><![CDATA[]]></system-err>
</testsuite>
